2019-05-19 11:15:26.643 [main] INFO  com.o2o.dao.test.UserAwardMapDaoTest - Starting UserAwardMapDaoTest on bogon with PID 1218 (started by yukai in /Users/yukai/ideaworkspace/o2o)
2019-05-19 11:15:26.647 [main] INFO  com.o2o.dao.test.UserAwardMapDaoTest - No active profile set, falling back to default profiles: default
2019-05-19 11:15:29.098 [main] INFO  com.o2o.dao.test.UserAwardMapDaoTest - Started UserAwardMapDaoTest in 2.668 seconds (JVM running for 3.641)
2019-05-19 11:17:06.428 [main] INFO  com.o2o.dao.test.UserAwardMapDaoTest - Starting UserAwardMapDaoTest on bogon with PID 1226 (started by yukai in /Users/yukai/ideaworkspace/o2o)
2019-05-19 11:17:06.429 [main] INFO  com.o2o.dao.test.UserAwardMapDaoTest - No active profile set, falling back to default profiles: default
2019-05-19 11:17:08.494 [main] INFO  com.o2o.dao.test.UserAwardMapDaoTest - Started UserAwardMapDaoTest in 2.263 seconds (JVM running for 2.933)
2019-05-19 11:19:40.223 [main] INFO  com.o2o.dao.test.UserAwardMapDaoTest - Starting UserAwardMapDaoTest on bogon with PID 1236 (started by yukai in /Users/yukai/ideaworkspace/o2o)
2019-05-19 11:19:40.224 [main] INFO  com.o2o.dao.test.UserAwardMapDaoTest - No active profile set, falling back to default profiles: default
2019-05-19 11:19:42.332 [main] INFO  com.o2o.dao.test.UserAwardMapDaoTest - Started UserAwardMapDaoTest in 2.296 seconds (JVM running for 3.015)
2019-05-19 11:20:52.016 [main] INFO  com.o2o.dao.test.UserAwardMapDaoTest - Starting UserAwardMapDaoTest on bogon with PID 1241 (started by yukai in /Users/yukai/ideaworkspace/o2o)
2019-05-19 11:20:52.017 [main] INFO  com.o2o.dao.test.UserAwardMapDaoTest - No active profile set, falling back to default profiles: default
2019-05-19 11:20:54.112 [main] INFO  com.o2o.dao.test.UserAwardMapDaoTest - Started UserAwardMapDaoTest in 2.284 seconds (JVM running for 2.947)
2019-05-19 11:22:48.572 [main] INFO  com.o2o.dao.test.UserAwardMapDaoTest - Starting UserAwardMapDaoTest on bogon with PID 1245 (started by yukai in /Users/yukai/ideaworkspace/o2o)
2019-05-19 11:22:48.574 [main] INFO  com.o2o.dao.test.UserAwardMapDaoTest - No active profile set, falling back to default profiles: default
2019-05-19 11:22:50.726 [main] INFO  com.o2o.dao.test.UserAwardMapDaoTest - Started UserAwardMapDaoTest in 2.337 seconds (JVM running for 3.088)
2019-05-19 15:45:22.522 [main] INFO  com.o2o.dao.test.UserProductMapTest - Starting UserProductMapTest on bogon with PID 1843 (started by yukai in /Users/yukai/ideaworkspace/o2o)
2019-05-19 15:45:22.524 [main] INFO  com.o2o.dao.test.UserProductMapTest - No active profile set, falling back to default profiles: default
2019-05-19 15:45:25.234 [main] INFO  com.o2o.dao.test.UserProductMapTest - Started UserProductMapTest in 3.049 seconds (JVM running for 4.12)
2019-05-19 15:47:37.577 [main] INFO  com.o2o.dao.test.UserProductMapTest - Starting UserProductMapTest on bogon with PID 1861 (started by yukai in /Users/yukai/ideaworkspace/o2o)
2019-05-19 15:47:37.579 [main] INFO  com.o2o.dao.test.UserProductMapTest - No active profile set, falling back to default profiles: default
2019-05-19 15:47:40.159 [main] INFO  com.o2o.dao.test.UserProductMapTest - Started UserProductMapTest in 2.822 seconds (JVM running for 3.659)
2019-05-19 16:56:46.611 [main] INFO  com.o2o.dao.test.ProductSellDailyDaoTest - Starting ProductSellDailyDaoTest on bogon with PID 2002 (started by yukai in /Users/yukai/ideaworkspace/o2o)
2019-05-19 16:56:46.613 [main] INFO  com.o2o.dao.test.ProductSellDailyDaoTest - No active profile set, falling back to default profiles: default
2019-05-19 16:56:49.248 [main] INFO  com.o2o.dao.test.ProductSellDailyDaoTest - Started ProductSellDailyDaoTest in 2.883 seconds (JVM running for 3.76)
2019-05-19 16:57:57.633 [main] INFO  com.o2o.dao.test.ProductSellDailyDaoTest - Starting ProductSellDailyDaoTest on bogon with PID 2006 (started by yukai in /Users/yukai/ideaworkspace/o2o)
2019-05-19 16:57:57.635 [main] INFO  com.o2o.dao.test.ProductSellDailyDaoTest - No active profile set, falling back to default profiles: default
2019-05-19 16:58:00.136 [main] INFO  com.o2o.dao.test.ProductSellDailyDaoTest - Started ProductSellDailyDaoTest in 2.722 seconds (JVM running for 3.563)
2019-05-19 17:37:30.809 [main] INFO  com.o2o.dao.test.ProductSellDailyDaoTest - Starting ProductSellDailyDaoTest on bogon with PID 2269 (started by yukai in /Users/yukai/ideaworkspace/o2o)
2019-05-19 17:37:30.811 [main] INFO  com.o2o.dao.test.ProductSellDailyDaoTest - No active profile set, falling back to default profiles: default
2019-05-19 17:37:33.152 [main] INFO  com.o2o.dao.test.ProductSellDailyDaoTest - Started ProductSellDailyDaoTest in 2.557 seconds (JVM running for 3.3)
2019-05-19 17:38:09.579 [main] INFO  com.o2o.dao.test.ProductSellDailyDaoTest - Starting ProductSellDailyDaoTest on bogon with PID 2288 (started by yukai in /Users/yukai/ideaworkspace/o2o)
2019-05-19 17:38:09.580 [main] INFO  com.o2o.dao.test.ProductSellDailyDaoTest - No active profile set, falling back to default profiles: default
2019-05-19 17:38:11.904 [main] INFO  com.o2o.dao.test.ProductSellDailyDaoTest - Started ProductSellDailyDaoTest in 2.539 seconds (JVM running for 3.287)
2019-05-19 17:46:01.947 [main] INFO  com.o2o.dao.test.ProductSellDailyDaoTest - Starting ProductSellDailyDaoTest on bogon with PID 2479 (started by yukai in /Users/yukai/ideaworkspace/o2o)
2019-05-19 17:46:01.949 [main] INFO  com.o2o.dao.test.ProductSellDailyDaoTest - No active profile set, falling back to default profiles: default
2019-05-19 17:46:04.217 [main] INFO  com.o2o.dao.test.ProductSellDailyDaoTest - Started ProductSellDailyDaoTest in 2.475 seconds (JVM running for 3.181)
2019-05-19 17:53:01.632 [main] INFO  com.o2o.dao.test.ProductSellDailyDaoTest - Starting ProductSellDailyDaoTest on bogon with PID 2694 (started by yukai in /Users/yukai/ideaworkspace/o2o)
2019-05-19 17:53:01.633 [main] INFO  com.o2o.dao.test.ProductSellDailyDaoTest - No active profile set, falling back to default profiles: default
2019-05-19 17:53:03.874 [main] INFO  com.o2o.dao.test.ProductSellDailyDaoTest - Started ProductSellDailyDaoTest in 2.453 seconds (JVM running for 3.134)
2019-05-19 17:55:54.156 [main] INFO  com.o2o.dao.test.ProductSellDailyDaoTest - Starting ProductSellDailyDaoTest on bogon with PID 2783 (started by yukai in /Users/yukai/ideaworkspace/o2o)
2019-05-19 17:55:54.157 [main] INFO  com.o2o.dao.test.ProductSellDailyDaoTest - No active profile set, falling back to default profiles: default
2019-05-19 17:55:56.467 [main] INFO  com.o2o.dao.test.ProductSellDailyDaoTest - Started ProductSellDailyDaoTest in 2.53 seconds (JVM running for 3.277)
2019-05-19 18:03:36.630 [main] INFO  com.o2o.dao.test.ProductSellDailyDaoTest - Starting ProductSellDailyDaoTest on bogon with PID 2967 (started by yukai in /Users/yukai/ideaworkspace/o2o)
2019-05-19 18:03:36.631 [main] INFO  com.o2o.dao.test.ProductSellDailyDaoTest - No active profile set, falling back to default profiles: default
2019-05-19 18:03:38.765 [main] INFO  com.o2o.dao.test.ProductSellDailyDaoTest - Started ProductSellDailyDaoTest in 2.345 seconds (JVM running for 3.115)
2019-05-19 18:40:42.904 [main] INFO  com.o2o.dao.test.UserShopMapDaoTest - Starting UserShopMapDaoTest on bogon with PID 3902 (started by yukai in /Users/yukai/ideaworkspace/o2o)
2019-05-19 18:40:42.905 [main] INFO  com.o2o.dao.test.UserShopMapDaoTest - No active profile set, falling back to default profiles: default
2019-05-19 18:40:45.077 [main] INFO  com.o2o.dao.test.UserShopMapDaoTest - Started UserShopMapDaoTest in 2.381 seconds (JVM running for 3.06)
2019-05-19 18:43:19.722 [main] INFO  com.o2o.dao.test.UserShopMapDaoTest - Starting UserShopMapDaoTest on bogon with PID 3948 (started by yukai in /Users/yukai/ideaworkspace/o2o)
2019-05-19 18:43:19.724 [main] INFO  com.o2o.dao.test.UserShopMapDaoTest - No active profile set, falling back to default profiles: default
2019-05-19 18:43:21.965 [main] INFO  com.o2o.dao.test.UserShopMapDaoTest - Started UserShopMapDaoTest in 2.448 seconds (JVM running for 3.165)
2019-05-19 18:43:55.628 [main] INFO  com.o2o.dao.test.UserShopMapDaoTest - Starting UserShopMapDaoTest on bogon with PID 3961 (started by yukai in /Users/yukai/ideaworkspace/o2o)
2019-05-19 18:43:55.629 [main] INFO  com.o2o.dao.test.UserShopMapDaoTest - No active profile set, falling back to default profiles: default
2019-05-19 18:43:57.823 [main] INFO  com.o2o.dao.test.UserShopMapDaoTest - Started UserShopMapDaoTest in 2.407 seconds (JVM running for 3.095)
2019-05-19 18:44:24.414 [main] INFO  com.o2o.dao.test.UserProductMapTest - Starting UserProductMapTest on bogon with PID 3967 (started by yukai in /Users/yukai/ideaworkspace/o2o)
2019-05-19 18:44:24.415 [main] INFO  com.o2o.dao.test.UserProductMapTest - No active profile set, falling back to default profiles: default
2019-05-19 18:44:26.674 [main] INFO  com.o2o.dao.test.UserProductMapTest - Started UserProductMapTest in 2.458 seconds (JVM running for 3.123)
2019-05-19 18:44:47.964 [main] INFO  com.o2o.dao.test.UserShopMapDaoTest - Starting UserShopMapDaoTest on bogon with PID 3978 (started by yukai in /Users/yukai/ideaworkspace/o2o)
2019-05-19 18:44:47.965 [main] INFO  com.o2o.dao.test.UserShopMapDaoTest - No active profile set, falling back to default profiles: default
2019-05-19 18:44:50.158 [main] INFO  com.o2o.dao.test.UserShopMapDaoTest - Started UserShopMapDaoTest in 2.401 seconds (JVM running for 3.064)
2019-05-19 18:47:02.863 [main] INFO  com.o2o.dao.test.UserShopMapDaoTest - Starting UserShopMapDaoTest on bogon with PID 4021 (started by yukai in /Users/yukai/ideaworkspace/o2o)
2019-05-19 18:47:02.864 [main] INFO  com.o2o.dao.test.UserShopMapDaoTest - No active profile set, falling back to default profiles: default
2019-05-19 18:47:05.020 [main] INFO  com.o2o.dao.test.UserShopMapDaoTest - Started UserShopMapDaoTest in 2.359 seconds (JVM running for 3.058)
2019-05-19 18:49:59.459 [main] INFO  com.o2o.dao.test.UserShopMapDaoTest - Starting UserShopMapDaoTest on bogon with PID 4074 (started by yukai in /Users/yukai/ideaworkspace/o2o)
2019-05-19 18:49:59.460 [main] INFO  com.o2o.dao.test.UserShopMapDaoTest - No active profile set, falling back to default profiles: default
2019-05-19 18:50:01.547 [main] INFO  com.o2o.dao.test.UserShopMapDaoTest - Started UserShopMapDaoTest in 2.287 seconds (JVM running for 2.942)
2019-05-19 18:52:49.596 [main] INFO  com.o2o.dao.test.UserShopMapDaoTest - Starting UserShopMapDaoTest on bogon with PID 4109 (started by yukai in /Users/yukai/ideaworkspace/o2o)
2019-05-19 18:52:49.597 [main] INFO  com.o2o.dao.test.UserShopMapDaoTest - No active profile set, falling back to default profiles: default
2019-05-19 18:52:51.699 [main] INFO  com.o2o.dao.test.UserShopMapDaoTest - Started UserShopMapDaoTest in 2.298 seconds (JVM running for 3.038)
2019-05-19 19:01:56.365 [main] INFO  com.o2o.dao.test.UserShopMapDaoTest - Starting UserShopMapDaoTest on bogon with PID 4306 (started by yukai in /Users/yukai/ideaworkspace/o2o)
2019-05-19 19:01:56.366 [main] INFO  com.o2o.dao.test.UserShopMapDaoTest - No active profile set, falling back to default profiles: default
2019-05-19 19:01:58.492 [main] INFO  com.o2o.dao.test.UserShopMapDaoTest - Started UserShopMapDaoTest in 2.341 seconds (JVM running for 3.049)
